Notice: Output directory `doc' does not exist. I have created it for you.
Searching for include files...
Searching for example files...
Searching for images...
Searching for dot files...
Searching for msc files...
Searching for dia files...
Searching for files to exclude
Searching for files to process...
Searching for files in directory /home/travis/build/INRIA/libpointing/pointing/input
Searching for files in directory /home/travis/build/INRIA/libpointing/pointing/input/linux
Searching for files in directory /home/travis/build/INRIA/libpointing/pointing/input/osx
Searching for files in directory /home/travis/build/INRIA/libpointing/pointing/input/windows
Searching for files in directory /home/travis/build/INRIA/libpointing/pointing/output
Searching for files in directory /home/travis/build/INRIA/libpointing/pointing/output/linux
Searching for files in directory /home/travis/build/INRIA/libpointing/pointing/output/osx
Searching for files in directory /home/travis/build/INRIA/libpointing/pointing/output/windows
Searching for files in directory /home/travis/build/INRIA/libpointing/pointing/transferfunctions
Searching for files in directory /home/travis/build/INRIA/libpointing/pointing/transferfunctions/linux
Searching for files in directory /home/travis/build/INRIA/libpointing/pointing/transferfunctions/osx
Searching for files in directory /home/travis/build/INRIA/libpointing/pointing/transferfunctions/windows
Reading and parsing tag files
Parsing files
Preprocessing /home/travis/build/INRIA/libpointing/pointing/pointing.h...
Parsing file /home/travis/build/INRIA/libpointing/pointing/pointing.h...
Preprocessing /home/travis/build/INRIA/libpointing/pointing/input/DummyPointingDevice.cpp...
Parsing file /home/travis/build/INRIA/libpointing/pointing/input/DummyPointingDevice.cpp...
Preprocessing /home/travis/build/INRIA/libpointing/pointing/input/DummyPointingDevice.h...
Parsing file /home/travis/build/INRIA/libpointing/pointing/input/DummyPointingDevice.h...
Preprocessing /home/travis/build/INRIA/libpointing/pointing/input/linux/linuxPointingDevice.cpp...
Parsing file /home/travis/build/INRIA/libpointing/pointing/input/linux/linuxPointingDevice.cpp...
Preprocessing /home/travis/build/INRIA/libpointing/pointing/input/linux/linuxPointingDevice.h...
Parsing file /home/travis/build/INRIA/libpointing/pointing/input/linux/linuxPointingDevice.h...
Preprocessing /home/travis/build/INRIA/libpointing/pointing/input/linux/linuxPointingDeviceManager.cpp...
Parsing file /home/travis/build/INRIA/libpointing/pointing/input/linux/linuxPointingDeviceManager.cpp...
Preprocessing /home/travis/build/INRIA/libpointing/pointing/input/linux/linuxPointingDeviceManager.h...
Parsing file /home/travis/build/INRIA/libpointing/pointing/input/linux/linuxPointingDeviceManager.h...
Preprocessing /home/travis/build/INRIA/libpointing/pointing/input/linux/XInputHelper.cpp...
Parsing file /home/travis/build/INRIA/libpointing/pointing/input/linux/XInputHelper.cpp...
Preprocessing /home/travis/build/INRIA/libpointing/pointing/input/linux/XInputHelper.h...
Parsing file /home/travis/build/INRIA/libpointing/pointing/input/linux/XInputHelper.h...
Preprocessing /home/travis/build/INRIA/libpointing/pointing/input/osx/osxHIDPointingDevice.cpp...
Parsing file /home/travis/build/INRIA/libpointing/pointing/input/osx/osxHIDPointingDevice.cpp...
Preprocessing /home/travis/build/INRIA/libpointing/pointing/input/osx/osxHIDPointingDevice.h...
Parsing file /home/travis/build/INRIA/libpointing/pointing/input/osx/osxHIDPointingDevice.h...
Preprocessing /home/travis/build/INRIA/libpointing/pointing/input/osx/osxHIDUtils.cpp...
Parsing file /home/travis/build/INRIA/libpointing/pointing/input/osx/osxHIDUtils.cpp...
Preprocessing /home/travis/build/INRIA/libpointing/pointing/input/osx/osxHIDUtils.h...
Parsing file /home/travis/build/INRIA/libpointing/pointing/input/osx/osxHIDUtils.h...
Preprocessing /home/travis/build/INRIA/libpointing/pointing/input/osx/osxPointingDevice.cpp...
Parsing file /home/travis/build/INRIA/libpointing/pointing/input/osx/osxPointingDevice.cpp...
Preprocessing /home/travis/build/INRIA/libpointing/pointing/input/osx/osxPointingDevice.h...
Parsing file /home/travis/build/INRIA/libpointing/pointing/input/osx/osxPointingDevice.h...
Preprocessing /home/travis/build/INRIA/libpointing/pointing/input/osx/osxPointingDeviceManager.cpp...
Parsing file /home/travis/build/INRIA/libpointing/pointing/input/osx/osxPointingDeviceManager.cpp...
Preprocessing /home/travis/build/INRIA/libpointing/pointing/input/osx/osxPointingDeviceManager.h...
Parsing file /home/travis/build/INRIA/libpointing/pointing/input/osx/osxPointingDeviceManager.h...
Preprocessing /home/travis/build/INRIA/libpointing/pointing/input/PointingDevice.cpp...
Parsing file /home/travis/build/INRIA/libpointing/pointing/input/PointingDevice.cpp...
Preprocessing /home/travis/build/INRIA/libpointing/pointing/input/PointingDevice.h...
Parsing file /home/travis/build/INRIA/libpointing/pointing/input/PointingDevice.h...
Preprocessing /home/travis/build/INRIA/libpointing/pointing/input/PointingDeviceManager.cpp...
Parsing file /home/travis/build/INRIA/libpointing/pointing/input/PointingDeviceManager.cpp...
Preprocessing /home/travis/build/INRIA/libpointing/pointing/input/PointingDeviceManager.h...
Parsing file /home/travis/build/INRIA/libpointing/pointing/input/PointingDeviceManager.h...
Preprocessing /home/travis/build/INRIA/libpointing/pointing/input/SystemPointingDevice.cpp...
Parsing file /home/travis/build/INRIA/libpointing/pointing/input/SystemPointingDevice.cpp...
Preprocessing /home/travis/build/INRIA/libpointing/pointing/input/SystemPointingDevice.h...
Parsing file /home/travis/build/INRIA/libpointing/pointing/input/SystemPointingDevice.h...
Preprocessing /home/travis/build/INRIA/libpointing/pointing/input/windows/USB.cpp...
Parsing file /home/travis/build/INRIA/libpointing/pointing/input/windows/USB.cpp...
Preprocessing /home/travis/build/INRIA/libpointing/pointing/input/windows/USB.h...
Parsing file /home/travis/build/INRIA/libpointing/pointing/input/windows/USB.h...
Preprocessing /home/travis/build/INRIA/libpointing/pointing/input/windows/winPointingDevice.cpp...
Parsing file /home/travis/build/INRIA/libpointing/pointing/input/windows/winPointingDevice.cpp...
Preprocessing /home/travis/build/INRIA/libpointing/pointing/input/windows/winPointingDevice.h...
Parsing file /home/travis/build/INRIA/libpointing/pointing/input/windows/winPointingDevice.h...
Preprocessing /home/travis/build/INRIA/libpointing/pointing/input/windows/winPointingDeviceManager.cpp...
Parsing file /home/travis/build/INRIA/libpointing/pointing/input/windows/winPointingDeviceManager.cpp...
Preprocessing /home/travis/build/INRIA/libpointing/pointing/input/windows/winPointingDeviceManager.h...
Parsing file /home/travis/build/INRIA/libpointing/pointing/input/windows/winPointingDeviceManager.h...
Preprocessing /home/travis/build/INRIA/libpointing/pointing/output/DisplayDevice.cpp...
Parsing file /home/travis/build/INRIA/libpointing/pointing/output/DisplayDevice.cpp...
Preprocessing /home/travis/build/INRIA/libpointing/pointing/output/DisplayDevice.h...
Parsing file /home/travis/build/INRIA/libpointing/pointing/output/DisplayDevice.h...
Preprocessing /home/travis/build/INRIA/libpointing/pointing/output/DisplayDeviceManager.cpp...
Parsing file /home/travis/build/INRIA/libpointing/pointing/output/DisplayDeviceManager.cpp...
Preprocessing /home/travis/build/INRIA/libpointing/pointing/output/DisplayDeviceManager.h...
Parsing file /home/travis/build/INRIA/libpointing/pointing/output/DisplayDeviceManager.h...
Preprocessing /home/travis/build/INRIA/libpointing/pointing/output/DummyDisplayDevice.cpp...
Parsing file /home/travis/build/INRIA/libpointing/pointing/output/DummyDisplayDevice.cpp...
Preprocessing /home/travis/build/INRIA/libpointing/pointing/output/DummyDisplayDevice.h...
Parsing file /home/travis/build/INRIA/libpointing/pointing/output/DummyDisplayDevice.h...
Preprocessing /home/travis/build/INRIA/libpointing/pointing/output/linux/xorgDisplayDevice.cpp...
Parsing file /home/travis/build/INRIA/libpointing/pointing/output/linux/xorgDisplayDevice.cpp...
Preprocessing /home/travis/build/INRIA/libpointing/pointing/output/linux/xorgDisplayDevice.h...
Parsing file /home/travis/build/INRIA/libpointing/pointing/output/linux/xorgDisplayDevice.h...
Preprocessing /home/travis/build/INRIA/libpointing/pointing/output/linux/xorgDisplayDeviceManager.cpp...
Parsing file /home/travis/build/INRIA/libpointing/pointing/output/linux/xorgDisplayDeviceManager.cpp...
Preprocessing /home/travis/build/INRIA/libpointing/pointing/output/linux/xorgDisplayDeviceManager.h...
Parsing file /home/travis/build/INRIA/libpointing/pointing/output/linux/xorgDisplayDeviceManager.h...
Preprocessing /home/travis/build/INRIA/libpointing/pointing/output/osx/osxDisplayDevice.cpp...
Parsing file /home/travis/build/INRIA/libpointing/pointing/output/osx/osxDisplayDevice.cpp...
Preprocessing /home/travis/build/INRIA/libpointing/pointing/output/osx/osxDisplayDevice.h...
Parsing file /home/travis/build/INRIA/libpointing/pointing/output/osx/osxDisplayDevice.h...
Preprocessing /home/travis/build/INRIA/libpointing/pointing/output/osx/osxDisplayDeviceManager.cpp...
Parsing file /home/travis/build/INRIA/libpointing/pointing/output/osx/osxDisplayDeviceManager.cpp...
Preprocessing /home/travis/build/INRIA/libpointing/pointing/output/osx/osxDisplayDeviceManager.h...
Parsing file /home/travis/build/INRIA/libpointing/pointing/output/osx/osxDisplayDeviceManager.h...
Preprocessing /home/travis/build/INRIA/libpointing/pointing/output/windows/winDisplayDevice.cpp...
Parsing file /home/travis/build/INRIA/libpointing/pointing/output/windows/winDisplayDevice.cpp...
Preprocessing /home/travis/build/INRIA/libpointing/pointing/output/windows/winDisplayDevice.h...
Parsing file /home/travis/build/INRIA/libpointing/pointing/output/windows/winDisplayDevice.h...
Preprocessing /home/travis/build/INRIA/libpointing/pointing/output/windows/winDisplayDeviceHelper.cpp...
Parsing file /home/travis/build/INRIA/libpointing/pointing/output/windows/winDisplayDeviceHelper.cpp...
Preprocessing /home/travis/build/INRIA/libpointing/pointing/output/windows/winDisplayDeviceHelper.h...
Parsing file /home/travis/build/INRIA/libpointing/pointing/output/windows/winDisplayDeviceHelper.h...
Preprocessing /home/travis/build/INRIA/libpointing/pointing/output/windows/winDisplayDeviceManager.cpp...
Parsing file /home/travis/build/INRIA/libpointing/pointing/output/windows/winDisplayDeviceManager.cpp...
Preprocessing /home/travis/build/INRIA/libpointing/pointing/output/windows/winDisplayDeviceManager.h...
Parsing file /home/travis/build/INRIA/libpointing/pointing/output/windows/winDisplayDeviceManager.h...
Preprocessing /home/travis/build/INRIA/libpointing/pointing/transferfunctions/Composition.cpp...
Parsing file /home/travis/build/INRIA/libpointing/pointing/transferfunctions/Composition.cpp...
Preprocessing /home/travis/build/INRIA/libpointing/pointing/transferfunctions/Composition.h...
Parsing file /home/travis/build/INRIA/libpointing/pointing/transferfunctions/Composition.h...
Preprocessing /home/travis/build/INRIA/libpointing/pointing/transferfunctions/ConstantFunction.cpp...
Parsing file /home/travis/build/INRIA/libpointing/pointing/transferfunctions/ConstantFunction.cpp...
Preprocessing /home/travis/build/INRIA/libpointing/pointing/transferfunctions/ConstantFunction.h...
Parsing file /home/travis/build/INRIA/libpointing/pointing/transferfunctions/ConstantFunction.h...
Preprocessing /home/travis/build/INRIA/libpointing/pointing/transferfunctions/Interpolation.cpp...
Parsing file /home/travis/build/INRIA/libpointing/pointing/transferfunctions/Interpolation.cpp...
Preprocessing /home/travis/build/INRIA/libpointing/pointing/transferfunctions/Interpolation.h...
Parsing file /home/travis/build/INRIA/libpointing/pointing/transferfunctions/Interpolation.h...
Preprocessing /home/travis/build/INRIA/libpointing/pointing/transferfunctions/linux/xorgSystemPointerAcceleration.cpp...
Parsing file /home/travis/build/INRIA/libpointing/pointing/transferfunctions/linux/xorgSystemPointerAcceleration.cpp...
Preprocessing /home/travis/build/INRIA/libpointing/pointing/transferfunctions/linux/xorgSystemPointerAcceleration.h...
Parsing file /home/travis/build/INRIA/libpointing/pointing/transferfunctions/linux/xorgSystemPointerAcceleration.h...
Preprocessing /home/travis/build/INRIA/libpointing/pointing/transferfunctions/NaiveConstantFunction.cpp...
Parsing file /home/travis/build/INRIA/libpointing/pointing/transferfunctions/NaiveConstantFunction.cpp...
Preprocessing /home/travis/build/INRIA/libpointing/pointing/transferfunctions/NaiveConstantFunction.h...
Parsing file /home/travis/build/INRIA/libpointing/pointing/transferfunctions/NaiveConstantFunction.h...
Preprocessing /home/travis/build/INRIA/libpointing/pointing/transferfunctions/osx/osxSystemPointerAcceleration.cpp...
Parsing file /home/travis/build/INRIA/libpointing/pointing/transferfunctions/osx/osxSystemPointerAcceleration.cpp...
Preprocessing /home/travis/build/INRIA/libpointing/pointing/transferfunctions/osx/osxSystemPointerAcceleration.h...
Parsing file /home/travis/build/INRIA/libpointing/pointing/transferfunctions/osx/osxSystemPointerAcceleration.h...
Preprocessing /home/travis/build/INRIA/libpointing/pointing/transferfunctions/SigmoidFunction.cpp...
Parsing file /home/travis/build/INRIA/libpointing/pointing/transferfunctions/SigmoidFunction.cpp...
Preprocessing /home/travis/build/INRIA/libpointing/pointing/transferfunctions/SigmoidFunction.h...
Parsing file /home/travis/build/INRIA/libpointing/pointing/transferfunctions/SigmoidFunction.h...
Preprocessing /home/travis/build/INRIA/libpointing/pointing/transferfunctions/SubPixelFunction.cpp...
Parsing file /home/travis/build/INRIA/libpointing/pointing/transferfunctions/SubPixelFunction.cpp...
Preprocessing /home/travis/build/INRIA/libpointing/pointing/transferfunctions/SubPixelFunction.h...
Parsing file /home/travis/build/INRIA/libpointing/pointing/transferfunctions/SubPixelFunction.h...
Preprocessing /home/travis/build/INRIA/libpointing/pointing/transferfunctions/TransferFunction.cpp...
Parsing file /home/travis/build/INRIA/libpointing/pointing/transferfunctions/TransferFunction.cpp...
Preprocessing /home/travis/build/INRIA/libpointing/pointing/transferfunctions/TransferFunction.h...
Parsing file /home/travis/build/INRIA/libpointing/pointing/transferfunctions/TransferFunction.h...
Preprocessing /home/travis/build/INRIA/libpointing/pointing/transferfunctions/windows/winSystemPointerAcceleration.cpp...
Parsing file /home/travis/build/INRIA/libpointing/pointing/transferfunctions/windows/winSystemPointerAcceleration.cpp...
Preprocessing /home/travis/build/INRIA/libpointing/pointing/transferfunctions/windows/winSystemPointerAcceleration.h...
Parsing file /home/travis/build/INRIA/libpointing/pointing/transferfunctions/windows/winSystemPointerAcceleration.h...
Building group list...
Building directory list...
Building namespace list...
Building file list...
Building class list...
Associating documentation with classes...
Computing nesting relations for classes...
Building example list...
Searching for enumerations...
Searching for documented typedefs...
Searching for members imported via using declarations...
Searching for included using directives...
Searching for documented variables...
Building interface member list...
Building member list...
Searching for friends...
Searching for documented defines...
Computing class inheritance relations...
Computing class usage relations...
Flushing cached template relations that have become invalid...
Creating members for template instances...
Computing class relations...
Add enum values to enums...
Searching for member function documentation...
Building page list...
Search for main page...
Computing page relations...
Determining the scope of groups...
Sorting lists...
Freeing entry tree
Determining which enums are documented
Computing member relations...
Building full member lists recursively...
Adding members to member groups.
Computing member references...
Inheriting documentation...
Generating disk names...
Adding source references...
Adding xrefitems...
Sorting member lists...
Computing dependencies between directories...
Generating citations page...
Counting data structures...
Resolving user defined references...
Finding anchors and sections in the documentation...
Transferring function references...
Combining using relations...
Adding members to index pages...
Generating style sheet...
Generating search indices...
Generating example documentation...
Generating file sources...
Generating code for file Composition.h...
Generating code for file ConstantFunction.h...
Generating code for file DisplayDevice.h...
Generating code for file DisplayDeviceManager.h...
Generating code for file DummyDisplayDevice.h...
Generating code for file DummyPointingDevice.h...
Generating code for file Interpolation.h...
Generating code for file linuxPointingDevice.h...
Generating code for file linuxPointingDeviceManager.h...
Generating code for file NaiveConstantFunction.h...
Generating code for file osxDisplayDevice.h...
Generating code for file osxDisplayDeviceManager.h...
Generating code for file osxHIDPointingDevice.h...
Generating code for file osxHIDUtils.h...
Generating code for file osxPointingDevice.h...
Generating code for file osxPointingDeviceManager.h...
Generating code for file osxSystemPointerAcceleration.h...
Generating code for file pointing.h...
Generating code for file PointingDevice.h...
Generating code for file PointingDeviceManager.h...
Generating code for file SigmoidFunction.h...
Generating code for file SubPixelFunction.h...
Generating code for file SystemPointingDevice.h...
Generating code for file TransferFunction.h...
Generating code for file USB.h...
Generating code for file winDisplayDevice.h...
Generating code for file winDisplayDeviceHelper.h...
Generating code for file winDisplayDeviceManager.h...
Generating code for file winPointingDevice.h...
Generating code for file winPointingDeviceManager.h...
Generating code for file winSystemPointerAcceleration.h...
Generating code for file XInputHelper.h...
Generating code for file xorgDisplayDevice.h...
Generating code for file xorgDisplayDeviceManager.h...
Generating code for file xorgSystemPointerAcceleration.h...
Generating file documentation...
Generating page documentation...
Generating group documentation...
Generating class documentation...
Generating namespace index...
Generating docs for compound pointing::DummyPointingDevice...
Generating docs for compound pointing::linuxPointingDevice...
Generating docs for compound pointing::linuxPointingDeviceManager...
Generating docs for compound pointing::osxHIDPointingDevice...
Generating docs for compound pointing::osxPointingDevice...
Generating docs for compound pointing::osxPointingDeviceManager...
Generating docs for compound pointing::PointingDevice...
Generating docs for compound pointing::PointingDeviceDescriptor...
Generating docs for compound pointing::CallbackInfo...
Generating docs for compound pointing::PointingDeviceManager...
Generating docs for nested compound pointing::PointingDeviceManager::PointingDeviceData...
Generating docs for compound pointing::SystemPointingDevice...
Generating docs for compound pointing::DeviceId...
Generating docs for compound pointing::DeviceName...
Generating docs for compound pointing::winPointingDevice...
Generating docs for compound pointing::winPointingDeviceManager...
Generating docs for compound pointing::DisplayDevice...
Generating docs for nested compound pointing::DisplayDevice::Bounds...
Generating docs for nested compound pointing::DisplayDevice::Point...
Generating docs for nested compound pointing::DisplayDevice::Size...
Generating docs for compound pointing::DisplayDeviceDescriptor...
Generating docs for compound pointing::DisplayDeviceManager...
Generating docs for compound pointing::DummyDisplayDevice...
Generating docs for compound pointing::xorgDisplayDevice...
Generating docs for compound pointing::xorgDisplayDeviceManager...
Generating docs for compound pointing::osxDisplayDevice...
Generating docs for compound pointing::osxDisplayDeviceManager...
Generating docs for compound pointing::winDisplayDevice...
Generating docs for compound pointing::winDisplayInfo...
Generating docs for compound pointing::winDisplay/home/travis/build/INRIA/libpointing/pointing/transferfunctions/Composition.h:26: warning: Unsupported xml/html tag <filename> found
DeviceManager...
Generating docs for compound pointing::Composition...
Generating docs for compound pointing::ConstantFunction...
Generating docs for compound pointing::Interpolation...
Generating docs for compound pointing::xorgSystemPointerAcceleration...
Generating docs for compound pointing::NaiveConstantFunction...
Generating docs for compound pointing::osxSystemPointerAcceleration...
Generating docs for compound pointing::SigmoidFunction...
Generating docs for compound pointing::SubPixelFunction...
Generating docs for compound pointing::TransferFunction...
Generating docs for compound pointing::winSystemPointerAcceleration...
Generating graph info page...
Generating directory documentation...
Generating index page...
Generating page index...
Generating module index...
Generating namespace index...
Generating namespace member index...
Generating annotated compound index...
Generating alphabetical compound index...
Generating hierarchical class index...
Generating member index...
Generating file index...
Generating file member index...
Generating example index...
finalizing index lists...
lookup cache used 880/65536 hits=5075 misses=969
finished...
